<?xml version="1.0" encoding="UTF-8"?>
<testng-results skipped="0" failed="0" ignored="0" total="1" passed="1">
  <reporter-output>
  </reporter-output>
  <suite name="Suite" duration-ms="24610" started-at="2017-08-13T06:47:29Z" finished-at="2017-08-13T06:47:54Z">
    <groups>
    </groups>
    <test name="Test" duration-ms="24610" started-at="2017-08-13T06:47:29Z" finished-at="2017-08-13T06:47:54Z">
      <class name="org.frameworkdesign.DriverScript">
        <test-method status="PASS" signature="storeURLValue(java.lang.String)[pri:0, instance:org.frameworkdesign.DriverScript@239963d8]" name="storeURLValue" is-config="true" duration-ms="688" started-at="2017-08-13T12:17:29Z" finished-at="2017-08-13T12:17:30Z">
          <params>
            <param index="0">
              <value>
                <![CDATA[\\Resources\\DriverFile\\Driver File.xlsx]]>
              </value>
            </param>
          </params>
          <reporter-output>
          </reporter-output>
        </test-method> <!-- storeURLValue -->
        <test-method status="PASS" signature="mainArea()[pri:0, instance:org.frameworkdesign.DriverScript@239963d8]" name="mainArea" duration-ms="23902" started-at="2017-08-13T12:17:30Z" finished-at="2017-08-13T12:17:54Z">
          <reporter-output>
          </reporter-output>
        </test-method> <!-- mainArea -->
      </class> <!-- org.frameworkdesign.DriverScript -->
    </test> <!-- Test -->
  </suite> <!-- Suite -->
</testng-results>
