<?xml version="1.0" encoding="UTF-8"?>
<!-- Generated by org.testng.reporters.JUnitXMLReporter -->
<testsuite hostname="MyLaptop" ignored="0" name="Test" tests="1" failures="1" timestamp="06 Jul 2017 17:43:42 GMT" time="3.1" errors="0">
  <testcase name="mainArea" time="2.3" classname="org.frameworkdesign.MainAutomationArea">
    <failure type="java.lang.NullPointerException">
      <![CDATA[java.lang.NullPointerException
	at java.util.Properties$LineReader.readLine(Unknown Source)
	at java.util.Properties.load0(Unknown Source)
	at java.util.Properties.load(Unknown Source)
	at org.frameworkdesign.frameworkkeywords.FrameworkKeywords.loadProperties(FrameworkKeywords.java:41)
	at org.frameworkdesign.frameworkkeywords.FrameworkKeywords.driverHandler(FrameworkKeywords.java:378)
	at org.frameworkdesign.MainAutomationArea.mainArea(MainAutomationArea.java:36)
... Removed 25 stack frames]]>
    </failure>
  </testcase> <!-- mainArea -->
</testsuite> <!-- Test -->
