<?xml version="1.0" encoding="UTF-8"?>
<!-- Generated by org.testng.reporters.JUnitXMLReporter -->
<testsuite hostname="MyLaptop" ignored="0" name="Test" tests="1" failures="1" timestamp="13 Aug 2017 11:13:52 GMT" time="15.555" errors="0">
  <testcase name="mainArea" time="14.931" classname="org.frameworkdesign.DriverScript">
    <failure type="java.lang.NumberFormatException" message="For input string: &amp;quot;&amp;quot;">
      <![CDATA[java.lang.NumberFormatException: For input string: ""
	at java.lang.NumberFormatException.forInputString(Unknown Source)
	at java.lang.Integer.parseInt(Unknown Source)
	at java.lang.Integer.parseInt(Unknown Source)
	at org.frameworkdesign.frameworkkeywords.FrameworkKeywords.ModuleHandler(FrameworkKeywords.java:307)
	at org.frameworkdesign.frameworkkeywords.FrameworkKeywords.driverHandler(FrameworkKeywords.java:388)
	at org.frameworkdesign.DriverScript.mainArea(DriverScript.java:36)
... Removed 25 stack frames]]>
    </failure>
  </testcase> <!-- mainArea -->
</testsuite> <!-- Test -->
